<?xml version="1.0" encoding="UTF-8"?>
<!-- Generated by org.testng.reporters.JUnitXMLReporter -->
<testsuite hostname="LAPTOP-6KAG2PM4" ignored="0" name="Test" tests="1" failures="1" timestamp="09 Apr 2019 21:24:57 GMT" time="11.507" errors="0">
  <testcase name="loginMethod" time="0.34" classname="com.ActiTime.Scripts.TESTActiTimeLogin">
    <failure type="java.lang.NullPointerException">
      <![CDATA[java.lang.NullPointerException
at com.ActiTime.Generics.ExcelLibrary.getcellvalue(ExcelLibrary.java:14)
at com.ActiTime.Pages.POMActitimeLoginPage.login(POMActitimeLoginPage.java:35)
at com.ActiTime.Scripts.TESTActiTimeLogin.loginMethod(TESTActiTimeLogin.java:18)
... Removed 25 stack frames]]>
    </failure>
  </testcase> <!-- loginMethod -->
</testsuite> <!-- Test -->
